Release 10.1 - xst K.31 (nt)
Copyright (c) 1995-2008 Xilinx, Inc.  All rights reserved.
--> Parameter TMPDIR set to E:/Projects/VCXP-C/vcxp-xc95144/xst/projnav.tmp


Total REAL time to Xst completion: 0.00 secs
Total CPU time to Xst completion: 0.10 secs
 
--> Parameter xsthdpdir set to E:/Projects/VCXP-C/vcxp-xc95144/xst


Total REAL time to Xst completion: 0.00 secs
Total CPU time to Xst completion: 0.10 secs
 
--> Reading design: vcxpxc.prj

TABLE OF CONTENTS
  1) Synthesis Options Summary
  2) HDL Compilation
  3) Design Hierarchy Analysis
  4) HDL Analysis
  5) HDL Synthesis
     5.1) HDL Synthesis Report
  6) Advanced HDL Synthesis
     6.1) Advanced HDL Synthesis Report
  7) Low Level Synthesis
  8) Partition Report
  9) Final Report

=========================================================================
*                      Synthesis Options Summary                        *
=========================================================================
---- Source Parameters
Input File Name                    : "vcxpxc.prj"
Input Format                       : mixed
Ignore Synthesis Constraint File   : NO

---- Target Parameters
Output File Name                   : "vcxpxc"
Output Format                      : NGC
Target Device                      : XC9500XL CPLDs

---- Source Options
Top Module Name                    : vcxpxc
Automatic FSM Extraction           : YES
FSM Encoding Algorithm             : Auto
Safe Implementation                : No
Mux Extraction                     : YES
Resource Sharing                   : YES

---- Target Options
Add IO Buffers                     : YES
MACRO Preserve                     : YES
XOR Preserve                       : YES
Equivalent register Removal        : YES

---- General Options
Optimization Goal                  : Speed
Optimization Effort                : 1
Library Search Order               : vcxpxc.lso
Keep Hierarchy                     : YES
Netlist Hierarchy                  : as_optimized
RTL Output                         : Yes
Hierarchy Separator                : /
Bus Delimiter                      : <>
Case Specifier                     : maintain
Verilog 2001                       : YES

---- Other Options
Clock Enable                       : YES
wysiwyg                            : NO

=========================================================================


=========================================================================
*                          HDL Compilation                              *
=========================================================================
Compiling verilog file "vcxp-xc.v" in library work
Module <vcxpxc> compiled
No errors in compilation
Analysis of file <"vcxpxc.prj"> succeeded.
 

=========================================================================
*                     Design Hierarchy Analysis                         *
=========================================================================
Analyzing hierarchy for module <vcxpxc> in library <work>.


=========================================================================
*                            HDL Analysis                               *
=========================================================================
Analyzing top module <vcxpxc>.
Module <vcxpxc> is correct for synthesis.
 

=========================================================================
*                           HDL Synthesis                               *
=========================================================================

Performing bidirectional port resolution...

Synthesizing Unit <vcxpxc>.
    Related source file is "vcxp-xc.v".
WARNING:Xst:1780 - Signal <wsramce> is never used or assigned. This unconnected signal will be trimmed during the optimization process.
WARNING:Xst:646 - Signal <llc1> is assigned but never used. This unconnected signal will be trimmed during the optimization process.
WARNING:Xst:646 - Signal <clk1> is assigned but never used. This unconnected signal will be trimmed during the optimization process.
WARNING:Xst:646 - Signal <A0> is assigned but never used. This unconnected signal will be trimmed during the optimization process.
    Found 8-bit tristate buffer for signal <sramData>.
    Found 14-bit adder for signal <$add0000> created at line 81.
    Found 5-bit adder for signal <old_sramAdr3_1$add0000> created at line 78.
    Found 19-bit adder for signal <sramAdr$addsub0000> created at line 57.
    Found 19-bit up counter for signal <sramAdr1>.
    Found 19-bit register for signal <sramAdr2>.
    Found 5-bit register for signal <sramAdr3>.
    Summary:
	inferred   1 Counter(s).
	inferred  19 D-type flip-flop(s).
	inferred   3 Adder/Subtractor(s).
	inferred   8 Tristate(s).
Unit <vcxpxc> synthesized.


=========================================================================
HDL Synthesis Report

Macro Statistics
# Adders/Subtractors                                   : 3
 14-bit adder                                          : 1
 19-bit adder                                          : 1
 5-bit adder                                           : 1
# Counters                                             : 1
 19-bit up counter                                     : 1
# Registers                                            : 20
 1-bit register                                        : 19
 5-bit register                                        : 1
# Tristates                                            : 1
 8-bit tristate buffer                                 : 1

=========================================================================

=========================================================================
*                       Advanced HDL Synthesis                          *
=========================================================================


=========================================================================
Advanced HDL Synthesis Report

Macro Statistics
# Adders/Subtractors                                   : 3
 14-bit adder                                          : 1
 19-bit adder                                          : 1
 5-bit adder                                           : 1
# Counters                                             : 1
 19-bit up counter                                     : 1
# Registers                                            : 24
 Flip-Flops                                            : 24

=========================================================================

=========================================================================
*                         Low Level Synthesis                           *
=========================================================================

Optimizing unit <vcxpxc> ...

=========================================================================
*                           Partition Report                             *
=========================================================================

Partition Implementation Status
-------------------------------

  No Partitions were found in this design.

-------------------------------

=========================================================================
*                            Final Report                               *
=========================================================================
Final Results
RTL Top Level Output File Name     : vcxpxc.ngr
Top Level Output File Name         : vcxpxc
Output Format                      : NGC
Optimization Goal                  : Speed
Keep Hierarchy                     : YES
Target Technology                  : XC9500XL CPLDs
Macro Preserve                     : YES
XOR Preserve                       : YES
Clock Enable                       : YES
wysiwyg                            : NO

Design Statistics
# IOs                              : 68

Cell Usage :
# BELS                             : 547
#      AND2                        : 211
#      AND3                        : 13
#      AND5                        : 1
#      AND7                        : 8
#      GND                         : 1
#      INV                         : 164
#      OR2                         : 85
#      OR3                         : 6
#      XOR2                        : 58
# FlipFlops/Latches                : 43
#      FDCE                        : 43
# IO Buffers                       : 67
#      IBUF                        : 27
#      IOBUFE                      : 8
#      OBUF                        : 32
=========================================================================


Total REAL time to Xst completion: 2.00 secs
Total CPU time to Xst completion: 2.36 secs
 
--> 

Total memory usage is 170452 kilobytes

Number of errors   :    0 (   0 filtered)
Number of warnings :    4 (   0 filtered)
Number of infos    :    0 (   0 filtered)

